   0  $accept : %entry% $end

   1  Prog : FunDecs EOF

   2  FunDecs : Type Sid LPAR Decs RPAR Stat FunDecs
   3          |

   4  Type : INT

   5  Decs : Decs1 Dec
   6       |

   7  Decs1 : Decs1 Dec SEMICOLON
   8        |

   9  Dec : Type Sids

  10  Sid : ID

  11  Sids : Sid COMMA Sids
  12       | Sid

  13  Stats : Stat Stats
  14        |

  15  Stat : Exp SEMICOLON
  16       | IF LPAR Exp RPAR Stat
  17       | IF LPAR Exp RPAR Stat ELSE Stat
  18       | RETURN Exp SEMICOLON
  19       | LCURL Decs1 Stats RCURL

  20  Exp : NUM
  21      | CHAR
  22      | Lval
  23      | Lval ASSIGN Exp
  24      | Exp PLUS Exp
  25      | Exp MINUS Exp
  26      | Exp LESS Exp
  27      | ID LPAR Exps RPAR
  28      | LPAR Exp RPAR

  29  Exps :
  30       | Exps1

  31  Exps1 : Exp
  32        | Exp COMMA Exps

  33  Lval : ID

  34  %entry% : '\001' Prog

state 0
	$accept : . %entry% $end  (0)

	'\001'  shift 1
	.  error

	%entry%  goto 2


state 1
	%entry% : '\001' . Prog  (34)
	FunDecs : .  (3)

	INT  shift 3
	EOF  reduce 3

	Prog  goto 4
	FunDecs  goto 5
	Type  goto 6


state 2
	$accept : %entry% . $end  (0)

	$end  accept


state 3
	Type : INT .  (4)

	.  reduce 4


state 4
	%entry% : '\001' Prog .  (34)

	.  reduce 34


state 5
	Prog : FunDecs . EOF  (1)

	EOF  shift 7
	.  error


state 6
	FunDecs : Type . Sid LPAR Decs RPAR Stat FunDecs  (2)

	ID  shift 8
	.  error

	Sid  goto 9


state 7
	Prog : FunDecs EOF .  (1)

	.  reduce 1


state 8
	Sid : ID .  (10)

	.  reduce 10


state 9
	FunDecs : Type Sid . LPAR Decs RPAR Stat FunDecs  (2)

	LPAR  shift 10
	.  error


state 10
	FunDecs : Type Sid LPAR . Decs RPAR Stat FunDecs  (2)
	Decs : .  (6)
	Decs1 : .  (8)

	INT  reduce 8
	RPAR  reduce 6

	Decs  goto 11
	Decs1  goto 12


state 11
	FunDecs : Type Sid LPAR Decs . RPAR Stat FunDecs  (2)

	RPAR  shift 13
	.  error


state 12
	Decs : Decs1 . Dec  (5)
	Decs1 : Decs1 . Dec SEMICOLON  (7)

	INT  shift 3
	.  error

	Type  goto 14
	Dec  goto 15


state 13
	FunDecs : Type Sid LPAR Decs RPAR . Stat FunDecs  (2)

	CHAR  shift 16
	ID  shift 17
	IF  shift 18
	LCURL  shift 19
	LPAR  shift 20
	NUM  shift 21
	RETURN  shift 22
	.  error

	Exp  goto 23
	Lval  goto 24
	Stat  goto 25


state 14
	Dec : Type . Sids  (9)

	ID  shift 8
	.  error

	Sid  goto 26
	Sids  goto 27


state 15
	Decs : Decs1 Dec .  (5)
	Decs1 : Decs1 Dec . SEMICOLON  (7)

	SEMICOLON  shift 28
	RPAR  reduce 5


state 16
	Exp : CHAR .  (21)

	.  reduce 21


state 17
	Exp : ID . LPAR Exps RPAR  (27)
	Lval : ID .  (33)

	LPAR  shift 29
	ASSIGN  reduce 33
	COMMA  reduce 33
	LESS  reduce 33
	MINUS  reduce 33
	PLUS  reduce 33
	RPAR  reduce 33
	SEMICOLON  reduce 33


state 18
	Stat : IF . LPAR Exp RPAR Stat  (16)
	Stat : IF . LPAR Exp RPAR Stat ELSE Stat  (17)

	LPAR  shift 30
	.  error


state 19
	Stat : LCURL . Decs1 Stats RCURL  (19)
	Decs1 : .  (8)

	.  reduce 8

	Decs1  goto 31


state 20
	Exp : LPAR . Exp RPAR  (28)

	CHAR  shift 16
	ID  shift 17
	LPAR  shift 20
	NUM  shift 21
	.  error

	Exp  goto 32
	Lval  goto 24


state 21
	Exp : NUM .  (20)

	.  reduce 20


state 22
	Stat : RETURN . Exp SEMICOLON  (18)

	CHAR  shift 16
	ID  shift 17
	LPAR  shift 20
	NUM  shift 21
	.  error

	Exp  goto 33
	Lval  goto 24


state 23
	Stat : Exp . SEMICOLON  (15)
	Exp : Exp . PLUS Exp  (24)
	Exp : Exp . MINUS Exp  (25)
	Exp : Exp . LESS Exp  (26)

	LESS  shift 34
	MINUS  shift 35
	PLUS  shift 36
	SEMICOLON  shift 37
	.  error


state 24
	Exp : Lval .  (22)
	Exp : Lval . ASSIGN Exp  (23)

	ASSIGN  shift 38
	COMMA  reduce 22
	LESS  reduce 22
	MINUS  reduce 22
	PLUS  reduce 22
	RPAR  reduce 22
	SEMICOLON  reduce 22


state 25
	FunDecs : Type Sid LPAR Decs RPAR Stat . FunDecs  (2)
	FunDecs : .  (3)

	INT  shift 3
	EOF  reduce 3

	FunDecs  goto 39
	Type  goto 6


state 26
	Sids : Sid . COMMA Sids  (11)
	Sids : Sid .  (12)

	COMMA  shift 40
	RPAR  reduce 12
	SEMICOLON  reduce 12


state 27
	Dec : Type Sids .  (9)

	.  reduce 9


state 28
	Decs1 : Decs1 Dec SEMICOLON .  (7)

	.  reduce 7


state 29
	Exp : ID LPAR . Exps RPAR  (27)
	Exps : .  (29)

	CHAR  shift 16
	ID  shift 17
	LPAR  shift 20
	NUM  shift 21
	RPAR  reduce 29

	Exp  goto 41
	Exps  goto 42
	Exps1  goto 43
	Lval  goto 24


state 30
	Stat : IF LPAR . Exp RPAR Stat  (16)
	Stat : IF LPAR . Exp RPAR Stat ELSE Stat  (17)

	CHAR  shift 16
	ID  shift 17
	LPAR  shift 20
	NUM  shift 21
	.  error

	Exp  goto 44
	Lval  goto 24


state 31
	Decs1 : Decs1 . Dec SEMICOLON  (7)
	Stat : LCURL Decs1 . Stats RCURL  (19)
	Stats : .  (14)

	CHAR  shift 16
	ID  shift 17
	IF  shift 18
	INT  shift 3
	LCURL  shift 19
	LPAR  shift 20
	NUM  shift 21
	RETURN  shift 22
	RCURL  reduce 14

	Type  goto 14
	Dec  goto 45
	Exp  goto 23
	Lval  goto 24
	Stat  goto 46
	Stats  goto 47


state 32
	Exp : Exp . PLUS Exp  (24)
	Exp : Exp . MINUS Exp  (25)
	Exp : Exp . LESS Exp  (26)
	Exp : LPAR Exp . RPAR  (28)

	LESS  shift 34
	MINUS  shift 35
	PLUS  shift 36
	RPAR  shift 48
	.  error


state 33
	Stat : RETURN Exp . SEMICOLON  (18)
	Exp : Exp . PLUS Exp  (24)
	Exp : Exp . MINUS Exp  (25)
	Exp : Exp . LESS Exp  (26)

	LESS  shift 34
	MINUS  shift 35
	PLUS  shift 36
	SEMICOLON  shift 49
	.  error


state 34
	Exp : Exp LESS . Exp  (26)

	CHAR  shift 16
	ID  shift 17
	LPAR  shift 20
	NUM  shift 21
	.  error

	Exp  goto 50
	Lval  goto 24


state 35
	Exp : Exp MINUS . Exp  (25)

	CHAR  shift 16
	ID  shift 17
	LPAR  shift 20
	NUM  shift 21
	.  error

	Exp  goto 51
	Lval  goto 24


state 36
	Exp : Exp PLUS . Exp  (24)

	CHAR  shift 16
	ID  shift 17
	LPAR  shift 20
	NUM  shift 21
	.  error

	Exp  goto 52
	Lval  goto 24


state 37
	Stat : Exp SEMICOLON .  (15)

	.  reduce 15


state 38
	Exp : Lval ASSIGN . Exp  (23)

	CHAR  shift 16
	ID  shift 17
	LPAR  shift 20
	NUM  shift 21
	.  error

	Exp  goto 53
	Lval  goto 24


state 39
	FunDecs : Type Sid LPAR Decs RPAR Stat FunDecs .  (2)

	.  reduce 2


state 40
	Sids : Sid COMMA . Sids  (11)

	ID  shift 8
	.  error

	Sid  goto 26
	Sids  goto 54


state 41
	Exp : Exp . PLUS Exp  (24)
	Exp : Exp . MINUS Exp  (25)
	Exp : Exp . LESS Exp  (26)
	Exps1 : Exp .  (31)
	Exps1 : Exp . COMMA Exps  (32)

	COMMA  shift 55
	LESS  shift 34
	MINUS  shift 35
	PLUS  shift 36
	RPAR  reduce 31


state 42
	Exp : ID LPAR Exps . RPAR  (27)

	RPAR  shift 56
	.  error


state 43
	Exps : Exps1 .  (30)

	.  reduce 30


state 44
	Stat : IF LPAR Exp . RPAR Stat  (16)
	Stat : IF LPAR Exp . RPAR Stat ELSE Stat  (17)
	Exp : Exp . PLUS Exp  (24)
	Exp : Exp . MINUS Exp  (25)
	Exp : Exp . LESS Exp  (26)

	LESS  shift 34
	MINUS  shift 35
	PLUS  shift 36
	RPAR  shift 57
	.  error


state 45
	Decs1 : Decs1 Dec . SEMICOLON  (7)

	SEMICOLON  shift 28
	.  error


state 46
	Stats : Stat . Stats  (13)
	Stats : .  (14)

	CHAR  shift 16
	ID  shift 17
	IF  shift 18
	LCURL  shift 19
	LPAR  shift 20
	NUM  shift 21
	RETURN  shift 22
	RCURL  reduce 14

	Exp  goto 23
	Lval  goto 24
	Stat  goto 46
	Stats  goto 58


state 47
	Stat : LCURL Decs1 Stats . RCURL  (19)

	RCURL  shift 59
	.  error


state 48
	Exp : LPAR Exp RPAR .  (28)

	.  reduce 28


state 49
	Stat : RETURN Exp SEMICOLON .  (18)

	.  reduce 18


state 50
	Exp : Exp . PLUS Exp  (24)
	Exp : Exp . MINUS Exp  (25)
	Exp : Exp . LESS Exp  (26)
	Exp : Exp LESS Exp .  (26)

	MINUS  shift 35
	PLUS  shift 36
	COMMA  reduce 26
	LESS  reduce 26
	RPAR  reduce 26
	SEMICOLON  reduce 26


state 51
	Exp : Exp . PLUS Exp  (24)
	Exp : Exp . MINUS Exp  (25)
	Exp : Exp MINUS Exp .  (25)
	Exp : Exp . LESS Exp  (26)

	COMMA  reduce 25
	LESS  reduce 25
	MINUS  reduce 25
	PLUS  reduce 25
	RPAR  reduce 25
	SEMICOLON  reduce 25


state 52
	Exp : Exp . PLUS Exp  (24)
	Exp : Exp PLUS Exp .  (24)
	Exp : Exp . MINUS Exp  (25)
	Exp : Exp . LESS Exp  (26)

	COMMA  reduce 24
	LESS  reduce 24
	MINUS  reduce 24
	PLUS  reduce 24
	RPAR  reduce 24
	SEMICOLON  reduce 24


state 53
	Exp : Lval ASSIGN Exp .  (23)
	Exp : Exp . PLUS Exp  (24)
	Exp : Exp . MINUS Exp  (25)
	Exp : Exp . LESS Exp  (26)

	LESS  shift 34
	MINUS  shift 35
	PLUS  shift 36
	COMMA  reduce 23
	RPAR  reduce 23
	SEMICOLON  reduce 23


state 54
	Sids : Sid COMMA Sids .  (11)

	.  reduce 11


state 55
	Exps1 : Exp COMMA . Exps  (32)
	Exps : .  (29)

	CHAR  shift 16
	ID  shift 17
	LPAR  shift 20
	NUM  shift 21
	RPAR  reduce 29

	Exp  goto 41
	Exps  goto 60
	Exps1  goto 43
	Lval  goto 24


state 56
	Exp : ID LPAR Exps RPAR .  (27)

	.  reduce 27


state 57
	Stat : IF LPAR Exp RPAR . Stat  (16)
	Stat : IF LPAR Exp RPAR . Stat ELSE Stat  (17)

	CHAR  shift 16
	ID  shift 17
	IF  shift 18
	LCURL  shift 19
	LPAR  shift 20
	NUM  shift 21
	RETURN  shift 22
	.  error

	Exp  goto 23
	Lval  goto 24
	Stat  goto 61


state 58
	Stats : Stat Stats .  (13)

	.  reduce 13


state 59
	Stat : LCURL Decs1 Stats RCURL .  (19)

	.  reduce 19


state 60
	Exps1 : Exp COMMA Exps .  (32)

	.  reduce 32


state 61
	Stat : IF LPAR Exp RPAR Stat .  (16)
	Stat : IF LPAR Exp RPAR Stat . ELSE Stat  (17)

	ELSE  shift 62
	CHAR  reduce 16
	EOF  reduce 16
	ID  reduce 16
	IF  reduce 16
	INT  reduce 16
	LCURL  reduce 16
	LPAR  reduce 16
	NUM  reduce 16
	RCURL  reduce 16
	RETURN  reduce 16


state 62
	Stat : IF LPAR Exp RPAR Stat ELSE . Stat  (17)

	CHAR  shift 16
	ID  shift 17
	IF  shift 18
	LCURL  shift 19
	LPAR  shift 20
	NUM  shift 21
	RETURN  shift 22
	.  error

	Exp  goto 23
	Lval  goto 24
	Stat  goto 63


state 63
	Stat : IF LPAR Exp RPAR Stat ELSE Stat .  (17)

	.  reduce 17


26 terminals, 16 nonterminals
35 grammar rules, 64 states
